[11136:8796:2023-6-3 20:20:40.577] Main Start
[11136:8796:2023-6-3 20:20:40.577] Command line:"C:\xampp\htdocs\sadinsai\recursos\Zoom_cm_fo42mnktZ9vvrZo4_mMabMhVDSaGY3iCBdcMteR19PSVxwthxAuOPU@1TYOcZvgRx4aaLix_k60c81663f1077838_.exe"  Instance:0xE10000 Show State:1
[11136:8796:2023-6-3 20:20:40.641] C:\
[11136:7748:2023-6-3 20:20:40.672] [process_requst] start, url:https://us05web.zoom.us/conf/launch
[11136:7748:2023-6-3 20:20:41.638] [req_state_read_status_code] zHttpQueryInfo complete, status:200
[11136:7748:2023-6-3 20:20:41.638] [req_state_read_status_code] zHttpQueryInfo complete, status:200 Error: 0
[11136:7748:2023-6-3 20:20:41.638] [read_response_content] API call zHttpQueryInfo failed, error: 12150
[11136:7748:2023-6-3 20:20:41.638] [log_response_content] Content length (1048576 as unknown):1048576 , Total read: 1667 , Error No: 0 , Status code: 200
[11136:7748:2023-6-3 20:20:41.638] [log_response_content] header:
[11136:7748:2023-6-3 20:20:41.638] HTTP/1.1 200 OK
Date: Sun, 04 Jun 2023 00:20:41 GMT
Content-Type: text/plain;charset=utf-8
Transfer-Encoding: chunked
Connection: keep-alive
x-zm-trackingid: v=2.0;clid=us05;rid=WEB_d06221859bd7f5c886dd2ddf03f1ada0
x-content-type-options: nosniff
content-security-policy: upgrade-insecure-requests; default-src https://*.zoom.us https://zoom.us blob: 'self'; img-src https: about: blob: data: 'self'; style-src https: safari-extension: chrome-extension: 'unsafe-inline' data: 'self'; font-src https: safari-extension: chrome-extension: blob: data: 'self'; connect-src * about: blob: data: 'self'; media-src * rtmp: blob: data: 'self'; frame-src https: ms-appx-web: zoommtg: zoomus: wvjbscheme: data: blob: 'self'; object-src 'none'; base-uri 'none';
x-frame-options: SAMEORIGIN
set-cookie: zm_aid=""; Domain=.zoom.us; Expires=Thu, 01-Jan-1970 00:00:10 GMT; Path=/; Secure; HttpOnly
x-zm-zoneid: VA
strict-transport-security: max-age=31536000; includeSubDomains
x-xss-protection: 1; mode=block
referrer-policy: strict-origin-when-cross-origin
CF-Cache-Status: DYNAMIC
Set-Cookie: zm_haid=""; Domain=.zoom.us; Expires=Thu, 01-Jan-1970 00:00:10 GMT; Path=/; Secure; HttpOnly
Set-Cookie: zm_tmaid=""; Domain=.zoom.us; Expires=Thu, 01-Jan-1970 00:00:10 GMT; Path=/; Secure; HttpOnly
Set-Cookie: zm_htmaid=""; Domain=.zoom.us; Expires=Thu, 01-Jan-1970 00:00:10 GMT; Path=/; Secure; HttpOnly
Set-Cookie: cred=76AE65A61949390936A52D573F700339; Path=/; Secure; HttpOnly
Set-Cookie: _zm_page_auth=us05_c_5L4rVXK5QCSj2qHlmKRlqQ; Domain=.zoom.us; Path=/; Secure; HttpOnly
Set-Cookie: _zm_ssid=us05_c_Og5dzNbNS2uck1WfSGPnqA; Domain=.zoom.us; Path=/; Secure; HttpOnly
Set-Cookie: _zm_ctaid=6wmMq_nnRHO4lhfkk5-FqQ.1685838041181.918e4e4280742f693087f2afccedce2b; Domain=.zoom.us; Expires=Sun, 04-Jun-2023 02:20:41 GMT; Path=/; Secure; HttpOnly
Set-Cookie: _zm_chtaid=698; Domain=.zoom.us; Expires=Sun, 04-Jun-2023 02:20:41 GMT; Path=/; Secure; HttpOnly
Set-Cookie: _zm_mtk_guid=5d971d3c2a964809acd882dba8add17d; Domain=.zoom.us; Expires=Tue, 03-Jun-2025 00:20:41 GMT; Path=/; Secure
Set-Cookie: TS01f92dc5=01862eb16cb3c9c7a3a11c0b146c41c8c71bfdd0a3c90d8a40585ce25852ff62a2ad8dcd89c32d036fe2782eadc30efaf348eb803a; Path=/; Secure; HttpOnly; SameSite=Strict;
Set-Cookie: TS018dd1ba=01862eb16cb3c9c7a3a11c0b146c41c8c71bfdd0a3c90d8a40585ce25852ff62a2ad8dcd89c32d036fe2782eadc30efaf348eb803a; path=/; domain=.zoom.us
Set-Cookie: __cf_bm=qw6XSm600B4ust6sLQeCfCCqSN5yzrJmeynK2vk2I_k-1685838041-0-AU8UUNBaebu1lwp0dSyQ6ewhoyNIJEtUMDlr9OzjkC/hxcywLUpA7ttsZynegwa7bxe+Jq/ouPdgsxTMmNvKmoI=; path=/; expires=Sun, 04-Jun-23 00:50:41 GMT; domain=.us05web.zoom.us; HttpOnly; Secure; SameSite=None
Report-To: {"endpoints":[{"url":"https:\/\/a.nel.cloudflare.com\/report\/v3?s=bM0GCwP3vqF7%2F2JrlM8xSCcPpe3WINYgRT60r5Qay8WtYeCaeSKYEUiRB%2BEMRC7k%2Bet1A0bHLd5ajjekLship50eX3qbdWaydbgGT8AcRKCBgjC%2B4mCr53yk3Q2Cpj%2FvXw%3D%3D"}],"group":"cf-nel","max_age":604800}
NEL: {"success_fraction":0.01,"report_to":"cf-nel","max_age":604800}
Server: cloudflare
CF-RAY: 7d1c02ed2e4ada27-MIA
alt-svc: h3=":443"; ma=86400


[11136:7748:2023-6-3 20:20:41.638] [process_requst] End for url:https://us05web.zoom.us/conf/launch, return code:200, Error:0, Response content size:1667
[11136:8796:2023-6-3 20:20:41.705] [client_has_installed_app] found path:
[11136:8796:2023-6-3 20:20:41.705]  ***NULL-POINTER-PLACEHOLDER***
[11136:8796:2023-6-3 20:20:41.705] [param_query_local_path] path is: C:\Users\eiker\AppData\Roaming\Zoom\ZoomDownload\ dir create response : 1 system error: 1008
[11136:8796:2023-6-3 20:20:41.705] [downloader_run] State:0
[11136:7720:2023-6-3 20:20:41.705] [process_requst] start, url:https://us05web.zoom.us/client/latest/Installer.exe?archType=x64
[11136:8796:2023-6-3 20:20:41.705] [client_has_installed_app] found path:
[11136:8796:2023-6-3 20:20:41.705]  ***NULL-POINTER-PLACEHOLDER***
[11136:7720:2023-6-3 20:20:43.297] [req_state_read_status_code] zHttpQueryInfo complete, status:200
[11136:7720:2023-6-3 20:20:43.297] [req_state_read_status_code] zHttpQueryInfo complete, status:200 Error: 0
[11136:7720:2023-6-3 20:21:14.454] [read_response_file] Status Code:200, content length: 1004352, total read: 1004352, error code: 0
[11136:7720:2023-6-3 20:21:14.454] [process_requst] End for url:https://us05web.zoom.us/client/latest/Installer.exe?archType=x64, return code:200, Error:0, Response content size:0
[11136:8796:2023-6-3 20:21:14.469] [handle_download_job_done] Index: 1 Curr index: 1 StatusCode: 200 Error: 0 Response is Empty. 
[11136:7720:2023-6-3 20:21:14.928] [process_requst] start, url:https://us05web.zoom.us/client/latest/Zoom.msi?archType=x64
[11136:7720:2023-6-3 20:21:15.696] [req_state_read_status_code] zHttpQueryInfo complete, status:200
[11136:7720:2023-6-3 20:21:15.696] [req_state_read_status_code] zHttpQueryInfo complete, status:200 Error: 0
[11136:8796:2023-6-3 20:25:13.100] [downloader_cancel] State:1
[11136:7720:2023-6-3 20:25:13.193] [read_response_file] Status Code:200, content length: 32280691, total read: 7389184, error code: 1011
[11136:7720:2023-6-3 20:25:13.196] [process_requst] End for url:https://us05web.zoom.us/client/latest/Zoom.msi?archType=x64, return code:200, Error:1011, Response content size:0
[11136:8796:2023-6-3 20:25:13.232] Main End
